{
  "stats": {
    "suites": 1,
    "tests": 3,
    "passes": 3,
    "pending": 0,
    "failures": 0,
    "start": "2024-05-01T21:23:10.626Z",
    "end": "2024-05-01T21:24:13.995Z",
    "duration": 63369,
    "testsRegistered": 3,
    "passPercent": 100,
    "pendingPercent": 0,
    "other": 0,
    "hasOther": false,
    "skipped": 0,
    "hasSkipped": false
  },
  "results": [
    {
      "uuid": "033774d7-41e4-4ea8-90c4-ed1be2709a93",
      "title": "",
      "fullFile": "cypress\\e2e\\addToCart.cy.js",
      "file": "cypress\\e2e\\addToCart.cy.js",
      "beforeHooks": [],
      "afterHooks": [],
      "tests": [],
      "suites": [
        {
          "uuid": "fc284175-69a0-4226-98b8-eb8cdbe722fa",
          "title": "Add to Cart and Delete Item",
          "fullFile": "",
          "file": "",
          "beforeHooks": [],
          "afterHooks": [],
          "tests": [
            {
              "title": "should search for items from fixtures and adds available items to cart",
              "fullTitle": "Add to Cart and Delete Item should search for items from fixtures and adds available items to cart",
              "timedOut": null,
              "duration": 19585,
              "state": "passed",
              "speed": "slow",
              "pass": true,
              "fail": false,
              "pending": false,
              "context": null,
              "code": "cy.addItemsToCartFromFixture();\nhomePage.getShoppingCart().click();",
              "err": {},
              "uuid": "f3deeaf0-b365-4e5b-a524-bc90908b10d6",
              "parentUUID": "fc284175-69a0-4226-98b8-eb8cdbe722fa",
              "isHook": false,
              "skipped": false
            },
            {
              "title": "updates the shopping cart by deleting one item",
              "fullTitle": "Add to Cart and Delete Item updates the shopping cart by deleting one item",
              "timedOut": null,
              "duration": 20070,
              "state": "passed",
              "speed": "slow",
              "pass": true,
              "fail": false,
              "pending": false,
              "context": null,
              "code": "cy.addItemsToCartFromFixture();\nhomePage.getShoppingCart().click();\nshoppingCart.removeFromCart(\".cart-item:nth-child(2) input[type='checkbox']\");\nshoppingCart.removeItem(2).check().should(\"be.checked\");\nshoppingCart.updateCart().click();\nshoppingCart.termsOfService().check().should(\"be.checked\");\nshoppingCart.checkout().click();",
              "err": {},
              "uuid": "016175ac-2faa-40b0-909c-f7fae8ed7cd9",
              "parentUUID": "fc284175-69a0-4226-98b8-eb8cdbe722fa",
              "isHook": false,
              "skipped": false
            },
            {
              "title": "proceed to checkout",
              "fullTitle": "Add to Cart and Delete Item proceed to checkout",
              "timedOut": null,
              "duration": 19937,
              "state": "passed",
              "speed": "slow",
              "pass": true,
              "fail": false,
              "pending": false,
              "context": null,
              "code": "cy.fixture(\"example.json\").then(fixture => {\n  cy.addItemsToCartFromFixture();\n  homePage.getShoppingCart().click();\n  shoppingCart.termsOfService().check().should(\"be.checked\");\n  shoppingCart.checkout().click();\n  checkoutPage.checkoutAsGuest().click();\n  checkoutPage.continueButton1().click();\n  checkoutPage.fieldValidationError().should(\"have.length.gt\", 0);\n});",
              "err": {},
              "uuid": "fd08d5fb-c27e-4df5-8a39-bad280214de1",
              "parentUUID": "fc284175-69a0-4226-98b8-eb8cdbe722fa",
              "isHook": false,
              "skipped": false
            }
          ],
          "suites": [],
          "passes": [
            "f3deeaf0-b365-4e5b-a524-bc90908b10d6",
            "016175ac-2faa-40b0-909c-f7fae8ed7cd9",
            "fd08d5fb-c27e-4df5-8a39-bad280214de1"
          ],
          "failures": [],
          "pending": [],
          "skipped": [],
          "duration": 59592,
          "root": false,
          "rootEmpty": false,
          "_timeout": 2000
        }
      ],
      "passes": [],
      "failures": [],
      "pending": [],
      "skipped": [],
      "duration": 0,
      "root": true,
      "rootEmpty": true,
      "_timeout": 2000
    }
  ],
  "meta": {
    "mocha": {
      "version": "7.0.1"
    },
    "mochawesome": {
      "options": {
        "quiet": false,
        "reportFilename": "mochawesome",
        "saveHtml": false,
        "saveJson": true,
        "consoleReporter": "spec",
        "useInlineDiffs": false,
        "code": true
      },
      "version": "7.1.3"
    },
    "marge": {
      "options": {
        "charts": true,
        "overwrite": false,
        "html": false,
        "json": true,
        "reportDir": "cypress/reports"
      },
      "version": "6.2.0"
    }
  }
}