{
  "stats": {
    "suites": 2,
    "tests": 3,
    "passes": 3,
    "pending": 0,
    "failures": 0,
    "start": "2024-05-01T21:24:16.449Z",
    "end": "2024-05-01T21:24:27.146Z",
    "duration": 10697,
    "testsRegistered": 3,
    "passPercent": 100,
    "pendingPercent": 0,
    "other": 0,
    "hasOther": false,
    "skipped": 0,
    "hasSkipped": false
  },
  "results": [
    {
      "uuid": "c668c5ff-4578-4904-96d1-438ac6eb2061",
      "title": "",
      "fullFile": "cypress\\e2e\\homePageFunctionality.cy.js",
      "file": "cypress\\e2e\\homePageFunctionality.cy.js",
      "beforeHooks": [],
      "afterHooks": [],
      "tests": [],
      "suites": [
        {
          "uuid": "d716b1f6-c309-4ddc-bc9a-e1852172db4e",
          "title": "Login/Logout functionality",
          "fullFile": "",
          "file": "",
          "beforeHooks": [],
          "afterHooks": [],
          "tests": [
            {
              "title": "should log in with valid credentials",
              "fullTitle": "Login/Logout functionality should log in with valid credentials",
              "timedOut": null,
              "duration": 4671,
              "state": "passed",
              "speed": "fast",
              "pass": true,
              "fail": false,
              "pending": false,
              "context": null,
              "code": "loginPage.login(\"user.one@yopmail.com\", \"1Q@qwe\");\ncy.url().should(\"eq\", \"https://demowebshop.tricentis.com/\");\nhomePage.accountName().should(\"have.text\", \"user.one@yopmail.com\").should(\"be.visible\");\nhomePage.logoutButton().should(\"exist\").click();",
              "err": {},
              "uuid": "cfe134c2-71a9-4f1b-ba4a-98da860c29fb",
              "parentUUID": "d716b1f6-c309-4ddc-bc9a-e1852172db4e",
              "isHook": false,
              "skipped": false
            },
            {
              "title": "should display error message for invalid credentials",
              "fullTitle": "Login/Logout functionality should display error message for invalid credentials",
              "timedOut": null,
              "duration": 2337,
              "state": "passed",
              "speed": "fast",
              "pass": true,
              "fail": false,
              "pending": false,
              "context": null,
              "code": "loginPage.login(\"invalid@yopmail.com\", \"invalidpassword\");\nloginPage.loginError1().should(\"have.text\", \"Login was unsuccessful. Please correct the errors and try again.\");\nloginPage.loginError2().should(\"have.text\", \"No customer account found\");",
              "err": {},
              "uuid": "784d7af4-dbb3-4225-91ea-1e90b9135bae",
              "parentUUID": "d716b1f6-c309-4ddc-bc9a-e1852172db4e",
              "isHook": false,
              "skipped": false
            }
          ],
          "suites": [],
          "passes": [
            "cfe134c2-71a9-4f1b-ba4a-98da860c29fb",
            "784d7af4-dbb3-4225-91ea-1e90b9135bae"
          ],
          "failures": [],
          "pending": [],
          "skipped": [],
          "duration": 7008,
          "root": false,
          "rootEmpty": false,
          "_timeout": 2000
        },
        {
          "uuid": "97a520ef-b18b-41d1-bd99-70426424e7be",
          "title": "Featured Products on Home Page",
          "fullFile": "",
          "file": "",
          "beforeHooks": [],
          "afterHooks": [],
          "tests": [
            {
              "title": "should validate featured products on the home page",
              "fullTitle": "Featured Products on Home Page should validate featured products on the home page",
              "timedOut": null,
              "duration": 1064,
              "state": "passed",
              "speed": "fast",
              "pass": true,
              "fail": false,
              "pending": false,
              "context": null,
              "code": "// Assert that at least one featured product is visible\nhomePage.getFeaturedProducts().should(\"be.visible\");\n//Assert that each featured product has image, product title, product rating, price, and an \"Add to Cart\" button\nhomePage.getFeaturedProducts().each($product => {\n  cy.wrap($product).find(\".picture\").should(\"be.visible\");\n  cy.wrap($product).find(\".product-title\").should(\"be.visible\");\n  cy.wrap($product).find(\".rating\").should(\"be.visible\");\n  cy.wrap($product).find(\".prices\").should(\"be.visible\");\n  cy.wrap($product).find(\".buttons\").should(\"be.visible\");\n});",
              "err": {},
              "uuid": "5bccef81-6aab-4de6-904e-581d818c68c0",
              "parentUUID": "97a520ef-b18b-41d1-bd99-70426424e7be",
              "isHook": false,
              "skipped": false
            }
          ],
          "suites": [],
          "passes": [
            "5bccef81-6aab-4de6-904e-581d818c68c0"
          ],
          "failures": [],
          "pending": [],
          "skipped": [],
          "duration": 1064,
          "root": false,
          "rootEmpty": false,
          "_timeout": 2000
        }
      ],
      "passes": [],
      "failures": [],
      "pending": [],
      "skipped": [],
      "duration": 0,
      "root": true,
      "rootEmpty": true,
      "_timeout": 2000
    }
  ],
  "meta": {
    "mocha": {
      "version": "7.0.1"
    },
    "mochawesome": {
      "options": {
        "quiet": false,
        "reportFilename": "mochawesome",
        "saveHtml": false,
        "saveJson": true,
        "consoleReporter": "spec",
        "useInlineDiffs": false,
        "code": true
      },
      "version": "7.1.3"
    },
    "marge": {
      "options": {
        "charts": true,
        "overwrite": false,
        "html": false,
        "json": true,
        "reportDir": "cypress/reports"
      },
      "version": "6.2.0"
    }
  }
}